1607018586903	geckodriver	INFO	Listening on 127.0.0.1:60119
1607018589917	mozrunner::runner	INFO	Running command: "C:\\Program Files\\Mozilla Firefox\\firefox.exe" "--marionette" "-foreground" "-no-remote" "-profile" "C:\\Users\\Vivan\\AppData\\Local\\Temp\\rust_mozprofilefuyZsK"
Can't find symbol 'eglSwapBuffersWithDamageEXT'.
Can't find symbol 'eglSetDamageRegionKHR'.
JavaScript error: resource://gre/modules/XULStore.jsm, line 66: Error: Can't find profile directory.
console.warn: SearchSettings: "get: No settings file exists, new profile?" (new Error("", "(unknown module)"))
1607018595999	Marionette	INFO	Listening on port 60129
1607018596302	Marionette	WARN	TLS certificate errors will be ignored for this session
JavaScript error: https://www.glassdoor.co.in/jobSearch/static/js/gd-jobSearch.bundle.js?v=c2170, line 1: TypeError: t.selected is undefined
1607018623518	Marionette	WARN	TimedPromise timed out after 500 ms: stacktrace:
TimedPromise/<@chrome://marionette/content/sync.js:228:19
TimedPromise@chrome://marionette/content/sync.js:213:10
interaction.flushEventLoop@chrome://marionette/content/interaction.js:418:10
webdriverClickElement@chrome://marionette/content/interaction.js:179:31

###!!! [Child][RunMessage] Error: Channel closing: too late to send/recv, messages will be lost

1607018799396	Marionette	INFO	Stopped listening on port 60129

###!!! [Child][RunMessage] Error: Channel closing: too late to send/recv, messages will be lost


###!!! [Child][MessageChannel::SendAndWait] Error: Channel error: cannot send/recv

1607079409756	geckodriver	INFO	Listening on 127.0.0.1:53855
1607079412788	mozrunner::runner	INFO	Running command: "C:\\Program Files\\Mozilla Firefox\\firefox.exe" "--marionette" "-foreground" "-no-remote" "-profile" "C:\\Users\\Vivan\\AppData\\Local\\Temp\\rust_mozprofile4Ea96m"
Can't find symbol 'eglSwapBuffersWithDamageEXT'.
Can't find symbol 'eglSetDamageRegionKHR'.
JavaScript error: resource://gre/modules/XULStore.jsm, line 66: Error: Can't find profile directory.
console.warn: SearchSettings: "get: No settings file exists, new profile?" (new Error("", "(unknown module)"))
1607079418462	Marionette	INFO	Listening on port 53865
1607079418659	Marionette	WARN	TLS certificate errors will be ignored for this session
JavaScript error: https://www.glassdoor.co.in/jobSearch/static/js/gd-jobSearch.bundle.js?v=c2170, line 1: TypeError: t.selected is undefined
[Child 14920, Chrome_ChildThread] WARNING: pipe error: 232: file /builds/worker/checkouts/gecko/ipc/chromium/src/chrome/common/ipc_channel_win.cc:545
1607080977913	Marionette	INFO	Stopped listening on port 53865

###!!! [Child][RunMessage] Error: Channel closing: too late to send/recv, messages will be lost


###!!! [Child][MessageChannel::SendAndWait] Error: Channel error: cannot send/recv

1607091242607	geckodriver	INFO	Listening on 127.0.0.1:50288
1607091245646	mozrunner::runner	INFO	Running command: "C:\\Program Files\\Mozilla Firefox\\firefox.exe" "--marionette" "-foreground" "-no-remote" "-profile" "C:\\Users\\Vivan\\AppData\\Local\\Temp\\rust_mozprofileCnu691"
Can't find symbol 'eglSwapBuffersWithDamageEXT'.
Can't find symbol 'eglSetDamageRegionKHR'.
JavaScript error: resource://gre/modules/XULStore.jsm, line 66: Error: Can't find profile directory.
console.warn: SearchSettings: "get: No settings file exists, new profile?" (new Error("", "(unknown module)"))
1607091251264	Marionette	INFO	Listening on port 50301
1607091251349	Marionette	WARN	TLS certificate errors will be ignored for this session
JavaScript error: https://www.glassdoor.co.in/jobSearch/static/js/gd-jobSearch.bundle.js?v=c2170, line 1: TypeError: t.selected is undefined
1607091278936	Marionette	WARN	TimedPromise timed out after 500 ms: stacktrace:
TimedPromise/<@chrome://marionette/content/sync.js:228:19
TimedPromise@chrome://marionette/content/sync.js:213:10
interaction.flushEventLoop@chrome://marionette/content/interaction.js:418:10
webdriverClickElement@chrome://marionette/content/interaction.js:179:31
1607091285856	Marionette	WARN	TimedPromise timed out after 500 ms: stacktrace:
TimedPromise/<@chrome://marionette/content/sync.js:228:19
TimedPromise@chrome://marionette/content/sync.js:213:10
interaction.flushEventLoop@chrome://marionette/content/interaction.js:418:10
webdriverClickElement@chrome://marionette/content/interaction.js:179:31
1607091302960	Marionette	WARN	TimedPromise timed out after 500 ms: stacktrace:
TimedPromise/<@chrome://marionette/content/sync.js:228:19
TimedPromise@chrome://marionette/content/sync.js:213:10
interaction.flushEventLoop@chrome://marionette/content/interaction.js:418:10
webdriverClickElement@chrome://marionette/content/interaction.js:179:31
1607091308600	Marionette	WARN	TimedPromise timed out after 500 ms: stacktrace:
TimedPromise/<@chrome://marionette/content/sync.js:228:19
TimedPromise@chrome://marionette/content/sync.js:213:10
interaction.flushEventLoop@chrome://marionette/content/interaction.js:418:10
webdriverClickElement@chrome://marionette/content/interaction.js:179:31
1607091318373	Marionette	WARN	TimedPromise timed out after 500 ms: stacktrace:
TimedPromise/<@chrome://marionette/content/sync.js:228:19
TimedPromise@chrome://marionette/content/sync.js:213:10
interaction.flushEventLoop@chrome://marionette/content/interaction.js:418:10
webdriverClickElement@chrome://marionette/content/interaction.js:179:31
1607091325493	Marionette	WARN	TimedPromise timed out after 500 ms: stacktrace:
TimedPromise/<@chrome://marionette/content/sync.js:228:19
TimedPromise@chrome://marionette/content/sync.js:213:10
interaction.flushEventLoop@chrome://marionette/content/interaction.js:418:10
webdriverClickElement@chrome://marionette/content/interaction.js:179:31
1607091330555	Marionette	WARN	TimedPromise timed out after 500 ms: stacktrace:
TimedPromise/<@chrome://marionette/content/sync.js:228:19
TimedPromise@chrome://marionette/content/sync.js:213:10
interaction.flushEventLoop@chrome://marionette/content/interaction.js:418:10
webdriverClickElement@chrome://marionette/content/interaction.js:179:31
1607091337229	Marionette	WARN	TimedPromise timed out after 500 ms: stacktrace:
TimedPromise/<@chrome://marionette/content/sync.js:228:19
TimedPromise@chrome://marionette/content/sync.js:213:10
interaction.flushEventLoop@chrome://marionette/content/interaction.js:418:10
webdriverClickElement@chrome://marionette/content/interaction.js:179:31
1607091342090	Marionette	WARN	TimedPromise timed out after 500 ms: stacktrace:
TimedPromise/<@chrome://marionette/content/sync.js:228:19
TimedPromise@chrome://marionette/content/sync.js:213:10
interaction.flushEventLoop@chrome://marionette/content/interaction.js:418:10
webdriverClickElement@chrome://marionette/content/interaction.js:179:31
1607091345662	Marionette	WARN	TimedPromise timed out after 500 ms: stacktrace:
TimedPromise/<@chrome://marionette/content/sync.js:228:19
TimedPromise@chrome://marionette/content/sync.js:213:10
interaction.flushEventLoop@chrome://marionette/content/interaction.js:418:10
webdriverClickElement@chrome://marionette/content/interaction.js:179:31
1607091349954	Marionette	WARN	TimedPromise timed out after 500 ms: stacktrace:
TimedPromise/<@chrome://marionette/content/sync.js:228:19
TimedPromise@chrome://marionette/content/sync.js:213:10
interaction.flushEventLoop@chrome://marionette/content/interaction.js:418:10
webdriverClickElement@chrome://marionette/content/interaction.js:179:31
1607091351100	Marionette	WARN	TimedPromise timed out after 500 ms: stacktrace:
TimedPromise/<@chrome://marionette/content/sync.js:228:19
TimedPromise@chrome://marionette/content/sync.js:213:10
interaction.flushEventLoop@chrome://marionette/content/interaction.js:418:10
webdriverClickElement@chrome://marionette/content/interaction.js:179:31
1607091356154	Marionette	WARN	TimedPromise timed out after 500 ms: stacktrace:
TimedPromise/<@chrome://marionette/content/sync.js:228:19
TimedPromise@chrome://marionette/content/sync.js:213:10
interaction.flushEventLoop@chrome://marionette/content/interaction.js:418:10
webdriverClickElement@chrome://marionette/content/interaction.js:179:31
1607091358381	Marionette	WARN	TimedPromise timed out after 500 ms: stacktrace:
TimedPromise/<@chrome://marionette/content/sync.js:228:19
TimedPromise@chrome://marionette/content/sync.js:213:10
interaction.flushEventLoop@chrome://marionette/content/interaction.js:418:10
webdriverClickElement@chrome://marionette/content/interaction.js:179:31
1607091364856	Marionette	WARN	TimedPromise timed out after 500 ms: stacktrace:
TimedPromise/<@chrome://marionette/content/sync.js:228:19
TimedPromise@chrome://marionette/content/sync.js:213:10
interaction.flushEventLoop@chrome://marionette/content/interaction.js:418:10
webdriverClickElement@chrome://marionette/content/interaction.js:179:31
1607091367407	Marionette	WARN	TimedPromise timed out after 500 ms: stacktrace:
TimedPromise/<@chrome://marionette/content/sync.js:228:19
TimedPromise@chrome://marionette/content/sync.js:213:10
interaction.flushEventLoop@chrome://marionette/content/interaction.js:418:10
webdriverClickElement@chrome://marionette/content/interaction.js:179:31
1607091368281	Marionette	WARN	TimedPromise timed out after 500 ms: stacktrace:
TimedPromise/<@chrome://marionette/content/sync.js:228:19
TimedPromise@chrome://marionette/content/sync.js:213:10
interaction.flushEventLoop@chrome://marionette/content/interaction.js:418:10
webdriverClickElement@chrome://marionette/content/interaction.js:179:31
1607091370327	Marionette	WARN	TimedPromise timed out after 500 ms: stacktrace:
TimedPromise/<@chrome://marionette/content/sync.js:228:19
TimedPromise@chrome://marionette/content/sync.js:213:10
interaction.flushEventLoop@chrome://marionette/content/interaction.js:418:10
webdriverClickElement@chrome://marionette/content/interaction.js:179:31
[Child 21196, Chrome_ChildThread] WARNING: pipe error: 232: file /builds/worker/checkouts/gecko/ipc/chromium/src/chrome/common/ipc_channel_win.cc:545
[Child 21196, Chrome_ChildThread] WARNING: pipe error: 232: file /builds/worker/checkouts/gecko/ipc/chromium/src/chrome/common/ipc_channel_win.cc:545
1607091489020	Marionette	INFO	Stopped listening on port 50301

###!!! [Child][RunMessage] Error: Channel closing: too late to send/recv, messages will be lost


###!!! [Child][MessageChannel::SendAndWait] Error: Channel error: cannot send/recv

ew Error("", "(unknown module)"))
1607091436684	Marionette	INFO	Listening on port 50656
1607091437151	Marionette	WARN	TLS certificate errors will be ignored for this session
JavaScript error: https://www.glassdoor.co.in/jobSearch/static/js/gd-jobSearch.bundle.js?v=c2170, line 1: TypeError: t.selected is undefined
JavaScript error: https://www.glassdoor.co.in/jobSearch/static/js/gd-jobSearch.bundle.js?v=c2170, line 1: NS_ERROR_NOT_INITIALIZED: 
JavaScript error: https://www.glassdoor.co.in/jobSearch/static/js/gd-jobSearch.bundle.js?v=c2170, line 1: NS_ERROR_NOT_INITIALIZED: 
JavaScript error: https://www.glassdoor.co.in/jobSearch/static/js/gd-jobSearch.bundle.js?v=c2170, line 1: NS_ERROR_NOT_INITIALIZED: 
JavaScript error: https://www.glassdoor.co.in/jobSearch/static/js/gd-jobSearch.bundle.js?v=c2170, line 1: NS_ERROR_NOT_INITIALIZED: 
JavaScript error: https://www.glassdoor.co.in/jobSearch/static/js/gd-jobSearch.bundle.js?v=c2170, line 1: NS_ERROR_NOT_INITIALIZED: 
JavaScript error: https://www.glassdoor.co.in/jobSearch/static/js/gd-jobSearch.bundle.js?v=c2170, line 1: NS_ERROR_NOT_INITIALIZED: 
JavaScript error: https://www.glassdoor.co.in/jobSearch/static/js/gd-jobSearch.bundle.js?v=c2170, line 1: NS_ERROR_NOT_INITIALIZED: 
JavaScript error: https://www.glassdoor.co.in/jobSearch/static/js/gd-jobSearch.bundle.js?v=c2170, line 1: NS_ERROR_NOT_INITIALIZED: 
JavaScript error: https://www.glassdoor.co.in/jobSearch/static/js/gd-jobSearch.bundle.js?v=c2170, line 1: NS_ERROR_NOT_INITIALIZED: 
JavaScript error: https://www.glassdoor.co.in/jobSearch/static/js/gd-jobSearch.bundle.js?v=c2170, line 1: NS_ERROR_NOT_INITIALIZED: 
JavaScript error: https://www.glassdoor.co.in/jobSearch/static/js/gd-jobSearch.bundle.js?v=c2170, line 1: NS_ERROR_NOT_INITIALIZED: 
JavaScript error: https://www.glassdoor.co.in/jobSearch/static/js/gd-jobSearch.bundle.js?v=c2170, line 1: NS_ERROR_NOT_INITIALIZED: 
JavaScript error: https://www.glassdoor.co.in/jobSearch/static/js/gd-jobSearch.bundle.js?v=c2170, line 1: NS_ERROR_NOT_INITIALIZED: 
JavaScript error: https://www.glassdoor.co.in/jobSearch/static/js/gd-jobSearch.bundle.js?v=c2170, line 1: NS_ERROR_NOT_INITIALIZED: 
JavaScript error: https://www.glassdoor.co.in/jobSearch/static/js/gd-jobSearch.bundle.js?v=c2170, line 1: NS_ERROR_NOT_INITIALIZED: 
JavaScript error: https://www.glassdoor.co.in/jobSearch/static/js/gd-jobSearch.bundle.js?v=c2170, line 1: NS_ERROR_NOT_INITIALIZED: 
JavaScript error: https://www.glassdoor.co.in/jobSearch/static/js/gd-jobSearch.bundle.js?v=c2170, line 1: NS_ERROR_NOT_INITIALIZED: 
JavaScript error: https://www.glassdoor.co.in/jobSearch/static/js/gd-jobSearch.bundle.js?v=c2170, line 1: NS_ERROR_NOT_INITIALIZED: 
JavaScript error: https://www.glassdoor.co.in/jobSearch/static/js/gd-jobSearch.bundle.js?v=c2170, line 1: NS_ERROR_NOT_INITIALIZED: 
JavaScript error: https://www.glassdoor.co.in/jobSearch/static/js/gd-jobSearch.bundle.js?v=c2170, line 1: NS_ERROR_NOT_INITIALIZED: 
JavaScript error: https://www.glassdoor.co.in/jobSearch/static/js/gd-jobSearch.bundle.js?v=c2170, line 1: NS_ERROR_NOT_INITIALIZED: 
JavaScript error: https://www.glassdoor.co.in/jobSearch/static/js/gd-jobSearch.bundle.js?v=c2170, line 1: NS_ERROR_NOT_INITIALIZED: 
JavaScript error: https://www.glassdoor.co.in/jobSearch/static/js/gd-jobSearch.bundle.js?v=c2170, line 1: NS_ERROR_NOT_INITIALIZED: 
JavaScript error: https://www.glassdoor.co.in/jobSearch/static/js/gd-jobSearch.bundle.js?v=c2170, line 1: NS_ERROR_NOT_INITIALIZED: 
JavaScript error: https://www.glassdoor.co.in/jobSearch/static/js/gd-jobSearch.bundle.js?v=c2170, line 1: NS_ERROR_NOT_INITIALIZED: 
JavaScript error: https://www.glassdoor.co.in/jobSearch/static/js/gd-jobSearch.bundle.js?v=c2170, line 1: NS_ERROR_NOT_INITIALIZED: 
JavaScript error: https://www.glassdoor.co.in/jobSearch/static/js/gd-jobSearch.bundle.js?v=c2170, line 1: NS_ERROR_NOT_INITIALIZED: 
JavaScript error: https://www.glassdoor.co.in/jobSearch/static/js/gd-jobSearch.bundle.js?v=c2170, line 1: NS_ERROR_NOT_INITIALIZED: 
JavaScript error: https://www.glassdoor.co.in/jobSearch/static/js/gd-jobSearch.bundle.js?v=c2170, line 1: NS_ERROR_NOT_INITIALIZED: 
JavaScript error: https://www.glassdoor.co.in/jobSearch/static/js/gd-jobSearch.bundle.js?v=c2170, line 1: NS_ERROR_NOT_INITIALIZED: 
JavaScript error: https://www.glassdoor.co.in/jobSearch/static/js/gd-jobSearch.bundle.js?v=c2170, line 1: NS_ERROR_NOT_INITIALIZED: 
JavaScript error: https://cdnjs.cloudflare.com/ajax/libs/jquery/2.1.3/jquery.min.js, line 3: TypeError: b.ownerDocument.defaultView is null
JavaScript error: https://cdnjs.cloudflare.com/ajax/libs/jquery/2.1.3/jquery.min.js, line 3: TypeError: b.ownerDocument.defaultView is null
JavaScript error: https://cdnjs.cloudflare.com/ajax/libs/jquery/2.1.3/jquery.min.js, line 3: TypeError: b.ownerDocument.defaultView is null
JavaScript error: resource:///modules/FaviconLoader.jsm, line 594: InvalidStateError: JSWindowActorChild.sendAsyncMessage: JSWindowActorChild cannot send at the moment
[GFX1-]: Failed to connect WebRenderBridgeChild.
1607091442045	Marionette	ERROR	[38] No reply from Marionette:Register
1607091442322	Marionette	INFO	Stopped listening on port 50656

###!!! [Child][RunMessage] Error: Channel closing: too late to send/recv, messages will be lost


###!!! [Child][MessageChannel::SendAndWait] Error: Channel error: cannot send/recv

1607091485710	geckodriver	INFO	Listening on 127.0.0.1:50813
1607091488748	mozrunner::runner	INFO	Running command: "C:\\Program Files\\Mozilla Firefox\\firefox.exe" "--marionette" "-foreground" "-no-remote" "-profile" "C:\\Users\\Vivan\\AppData\\Local\\Temp\\rust_mozprofilecx3132"
Can't find symbol 'eglSwapBuffersWithDamageEXT'.
Can't find symbol 'eglSetDamageRegionKHR'.
JavaScript error: resource://gre/modules/XULStore.jsm, line 66: Error: Can't find profile directory.
console.warn: SearchSettings: "get: No settings file exists, new profile?" (new Error("", "(unknown module)"))
1607091494208	Marionette	INFO	Listening on port 50824
1607091494615	Marionette	WARN	TLS certificate errors will be ignored for this session
JavaScript error: https://www.glassdoor.co.in/jobSearch/static/js/gd-jobSearch.bundle.js?v=c2170, line 1: TypeError: t.selected is undefined
1607093056560	Marionette	INFO	Stopped listening on port 50824

###!!! [Child][MessageChannel::SendAndWait] Error: Channel error: cannot send/recv

firefox.exe" "--marionette" "-foreground" "-no-remote" "-profile" "C:\\Users\\Vivan\\AppData\\Local\\Temp\\rust_mozprofile1XT6dE"
Can't find symbol 'eglSwapBuffersWithDamageEXT'.
Can't find symbol 'eglSetDamageRegionKHR'.
JavaScript error: resource://gre/modules/XULStore.jsm, line 66: Error: Can't find profile directory.
console.warn: SearchSettings: "get: No settings file exists, new profile?" (new Error("", "(unknown module)"))
1607091665606	Marionette	INFO	Listening on port 51254
1607091665798	Marionette	WARN	TLS certificate errors will be ignored for this session
JavaScript error: https://www.glassdoor.co.in/jobSearch/static/js/gd-jobSearch.bundle.js?v=c2170, line 1: TypeError: t.selected is undefined
JavaScript error: https://www.google.co.in/adsense/search/async-ads.js, line 40: uncaught exception: google.ads.search.Ads: a is null
1607091692713	Marionette	WARN	TimedPromise timed out after 500 ms: stacktrace:
TimedPromise/<@chrome://marionette/content/sync.js:228:19
TimedPromise@chrome://marionette/content/sync.js:213:10
interaction.flushEventLoop@chrome://marionette/content/interaction.js:418:10
webdriverClickElement@chrome://marionette/content/interaction.js:179:31
1607093058104	Marionette	INFO	Stopped listening on port 51254

###!!! [Child][MessageChannel::SendAndWait] Error: Channel error: cannot send/recv

firefox.exe" "--marionette" "-foreground" "-no-remote" "-profile" "C:\\Users\\Vivan\\AppData\\Local\\Temp\\rust_mozprofilelG5euY"
Can't find symbol 'eglSwapBuffersWithDamageEXT'.
Can't find symbol 'eglSetDamageRegionKHR'.
JavaScript error: resource://gre/modules/XULStore.jsm, line 66: Error: Can't find profile directory.
console.warn: SearchSettings: "get: No settings file exists, new profile?" (new Error("", "(unknown module)"))
1607093047610	Marionette	INFO	Listening on port 52142
1607093048111	Marionette	WARN	TLS certificate errors will be ignored for this session
JavaScript error: https://www.glassdoor.co.in/jobSearch/static/js/gd-jobSearch.bundle.js?v=c2170, line 1: TypeError: t.selected is undefined
